<?xml version="1.0" encoding="UTF-8" ?>
<testsuite errors="0" failures="0" hostname="KUBRICK-PC" name="util.TreeTeste" skipped="0" tests="5" time="0.562" timestamp="2019-08-05T00:05:55">
  <properties>
[...]
</properties>
  <testcase classname="util.TreeTeste" name="testeSize" time="0.016" />
  <testcase classname="util.TreeTeste" name="TesteMaiorChaveMenorChave" time="0.0" />
  <testcase classname="util.TreeTeste" name="TesteBusca" time="0.0" />
  <testcase classname="util.TreeTeste" name="testeInsercao" time="0.0" />
  <testcase classname="util.TreeTeste" name="isEmpty" time="0.0" />
  <system-out><![CDATA[]]></system-out>
  <system-err><![CDATA[]]></system-err>
</testsuite>
