<?xml version="1.0" encoding="UTF-8" ?>
<testsuite errors="0" failures="0" hostname="KUBRICK-PC" name="model.SystemTeste" skipped="0" tests="10" time="30.731" timestamp="2019-08-16T12:12:30">
  <properties>
[...]
</properties>
  <testcase classname="model.SystemTeste" name="testeListarImagensETamanhosDeCadaComputador" time="6.09" />
  <testcase classname="model.SystemTeste" name="testeInsercaoImagem" time="0.075" />
  <testcase classname="model.SystemTeste" name="testeImportarImagens" time="6.406" />
  <testcase classname="model.SystemTeste" name="testeListarImagens" time="6.163" />
  <testcase classname="model.SystemTeste" name="testeBuscarImagem" time="5.646" />
  <testcase classname="model.SystemTeste" name="testeListarComputadoresECapacidade" time="0.004" />
  <testcase classname="model.SystemTeste" name="testeAbrirGravarArquivosDeComputadores" time="0.02" />
  <testcase classname="model.SystemTeste" name="testeListarEspacoDisponivelEmComputadores" time="0.022" />
  <testcase classname="model.SystemTeste" name="testeExcluirImagem" time="5.593" />
  <testcase classname="model.SystemTeste" name="testeCadastroComputadores" time="0.024" />
  <system-out><![CDATA[

Computador: computerCmma
Imagens: 

Nome agu	Tamanho1.8
Nome ada	Tamanho0.1
Nome aba	Tamanho6.1
Nome aam	Tamanho1.4
Nome aag	Tamanho1.8
Nome aac	Tamanho4.5
Nome aab	Tamanho0.6
Nome aae	Tamanho2.1
Nome aaj	Tamanho0.5
Nome aai	Tamanho3.9
Nome aal	Tamanho0.1
Nome aaq	Tamanho1.9
Nome aao	Tamanho0.3
Nome aan	Tamanho1.7
Nome aap	Tamanho3.1
Nome aaw	Tamanho0.3
Nome aas	Tamanho5.2
Nome aax	Tamanho2.6
Nome acd	Tamanho1.4
Nome abs	Tamanho0.5
Nome abk	Tamanho8.7
Nome abg	Tamanho2.5
Nome abr	Tamanho0.7
Nome aby	Tamanho0.6
Nome abt	Tamanho4.0
Nome abz	Tamanho1.9
Nome acl	Tamanho0.7
Nome ach	Tamanho4.9
Nome ace	Tamanho2.3
Nome ack	Tamanho1.6
Nome acr	Tamanho0.2
Nome acn	Tamanho2.9
Nome acs	Tamanho5.0
Nome afa	Tamanho5.3
Nome adz	Tamanho1.7
Nome adj	Tamanho6.3
Nome add	Tamanho1.3
Nome adc	Tamanho0.2
Nome adf	Tamanho1.0
Nome adv	Tamanho0.9
Nome adm	Tamanho6.1
Nome ady	Tamanho0.1
Nome aeo	Tamanho4.4
Nome aef	Tamanho5.6
Nome aec	Tamanho3.0
Nome aem	Tamanho0.9
Nome aex	Tamanho2.7
Nome aes	Tamanho5.6
Nome aez	Tamanho1.0
Nome afy	Tamanho2.1
Nome afk	Tamanho5.7
Nome afi	Tamanho0.1
Nome afg	Tamanho2.4
Nome afj	Tamanho0.2
Nome afs	Tamanho5.5
Nome afr	Tamanho1.2
Nome afw	Tamanho2.6
Nome agj	Tamanho8.5
Nome agc	Tamanho7.7
Nome aga	Tamanho1.1
Nome agi	Tamanho1.1
Nome ags	Tamanho0.9
Nome agq	Tamanho0.6
Nome agt	Tamanho0.1
Nome are	Tamanho1.3
Nome ako	Tamanho2.9
Nome ajb	Tamanho0.6
Nome ahz	Tamanho3.3
Nome ahh	Tamanho1.2
Nome ahb	Tamanho2.8
Nome agw	Tamanho4.7
Nome ahe	Tamanho4.2
Nome ahp	Tamanho2.1
Nome ahi	Tamanho5.0
Nome aht	Tamanho4.5
Nome aip	Tamanho0.1
Nome aim	Tamanho0.9
Nome aif	Tamanho5.0
Nome ain	Tamanho1.2
Nome ait	Tamanho4.8
Nome aiq	Tamanho2.5
Nome aiz	Tamanho0.1
Nome ajt	Tamanho0.4
Nome ajj	Tamanho1.8
Nome aje	Tamanho1.1
Nome ajc	Tamanho1.0
Nome ajf	Tamanho4.0
Nome ajm	Tamanho0.2
Nome ajk	Tamanho0.9
Nome ajn	Tamanho2.1
Nome akc	Tamanho0.6
Nome ajv	Tamanho2.9
Nome aju	Tamanho1.2
Nome aka	Tamanho0.1
Nome akm	Tamanho0.1
Nome akd	Tamanho3.1
Nome akn	Tamanho0.1
Nome aod	Tamanho6.1
Nome amw	Tamanho1.2
Nome alp	Tamanho1.6
Nome akz	Tamanho4.8
Nome akt	Tamanho2.0
Nome alh	Tamanho4.4
Nome amg	Tamanho0.4
Nome aly	Tamanho5.6
Nome ami	Tamanho6.4
Nome ant	Tamanho0.5
Nome ano	Tamanho1.5
Nome anb	Tamanho4.6
Nome anr	Tamanho0.4
Nome aoa	Tamanho1.2
Nome anx	Tamanho1.4
Nome aoc	Tamanho0.3
Nome apu	Tamanho3.4
Nome apa	Tamanho0.4
Nome aoq	Tamanho2.0
Nome aop	Tamanho0.2
Nome aoz	Tamanho1.0
Nome apk	Tamanho2.7
Nome apc	Tamanho4.0
Nome aps	Tamanho0.9
Nome aqo	Tamanho1.0
Nome aqh	Tamanho2.3
Nome aqb	Tamanho2.7
Nome aqm	Tamanho1.2
Nome aqt	Tamanho0.6
Nome aqp	Tamanho0.7
Nome aqu	Tamanho0.9
Nome bcv	Tamanho4.4
Nome awh	Tamanho7.8
Nome atr	Tamanho0.3
Nome arp	Tamanho5.2
Nome arm	Tamanho1.0
Nome arl	Tamanho0.3
Nome aro	Tamanho0.3
Nome aso	Tamanho4.9
Nome asc	Tamanho5.7
Nome atb	Tamanho7.6
Nome auq	Tamanho4.8
Nome aud	Tamanho5.3
Nome att	Tamanho2.3
Nome aun	Tamanho1.8
Nome avc	Tamanho5.5
Nome auy	Tamanho2.3
Nome avo	Tamanho8.0
Nome azu	Tamanho8.8
Nome ayl	Tamanho1.5
Nome axr	Tamanho1.8
Nome axh	Tamanho3.8
Nome axu	Tamanho6.6
Nome ayz	Tamanho1.4
Nome ayr	Tamanho3.6
Nome azb	Tamanho7.1
Nome bbg	Tamanho5.3
Nome bbd	Tamanho0.1
Nome bav	Tamanho2.9
Nome bbe	Tamanho0.9
Nome bci	Tamanho3.1
Nome bbv	Tamanho5.6
Nome bcs	Tamanho0.8
Nome bil	Tamanho1.8
Nome bga	Tamanho1.0
Nome bed	Tamanho0.7
Nome bdv	Tamanho0.2
Nome bdn	Tamanho1.9
Nome bdx	Tamanho1.9
Nome ben	Tamanho7.9
Nome bef	Tamanho2.3
Nome bfk	Tamanho4.5
Nome bhb	Tamanho1.4
Nome bgj	Tamanho5.8
Nome bgf	Tamanho1.2
Nome bgz	Tamanho0.2
Nome big	Tamanho1.4
Nome bhf	Tamanho6.9
Nome bik	Tamanho0.1
Nome bjq	Tamanho4.7
Nome bjo	Tamanho0.1
Nome bit	Tamanho4.6
Nome bjp	Tamanho2.3
Nome blb	Tamanho1.3
Nome bku	Tamanho0.9
Nome bkr	Tamanho0.3
Nome bky	Tamanho0.6
Nome blg	Tamanho7.0
Nome blf	Tamanho0.3
Nome bmi	Tamanho0.6

Computador: cmma
Imagens: 

Nome bfs	Tamanho2.8
Nome bdj	Tamanho1.1
Nome bbj	Tamanho8.1
Nome bbc	Tamanho1.5
Nome bat	Tamanho3.1
Nome bbf	Tamanho0.9
Nome bco	Tamanho0.9
Nome bcd	Tamanho4.1
Nome bcr	Tamanho4.7
Nome bek	Tamanho0.5
Nome beg	Tamanho0.3
Nome bdq	Tamanho4.4
Nome bei	Tamanho0.8
Nome bfc	Tamanho0.9
Nome bel	Tamanho7.5
Nome bfl	Tamanho1.3
Nome bjy	Tamanho3.1
Nome bhw	Tamanho0.9
Nome bgq	Tamanho6.3
Nome bfy	Tamanho3.9
Nome bhi	Tamanho3.6
Nome bin	Tamanho5.6
Nome bib	Tamanho4.3
Nome bjn	Tamanho3.9
Nome bkx	Tamanho2.1
Nome bkp	Tamanho0.9
Nome blw	Tamanho2.3
Nome bld	Tamanho5.8
Nome bmj	Tamanho0.8

Computador: computadorHsp
Imagens: 

Nome bho	Tamanho4.6
Nome bce	Tamanho6.2
Nome bag	Tamanho4.8
Nome azv	Tamanho0.6
Nome azl	Tamanho5.2
Nome azw	Tamanho3.6
Nome bbq	Tamanho6.1
Nome bax	Tamanho6.1
Nome bcc	Tamanho0.9
Nome bdu	Tamanho7.3
Nome bdi	Tamanho2.4
Nome bdc	Tamanho1.9
Nome bds	Tamanho0.2
Nome bft	Tamanho9.2
Nome bes	Tamanho7.9
Nome bgv	Tamanho5.1
Nome bkl	Tamanho0.1
Nome biz	Tamanho2.4
Nome bii	Tamanho2.6
Nome bie	Tamanho1.7
Nome biv	Tamanho0.9
Nome bju	Tamanho2.1
Nome bjg	Tamanho4.1
Nome bkh	Tamanho1.3
Nome bkt	Tamanho0.2
Nome bkn	Tamanho0.6
Nome blo	Tamanho0.3
Nome bkv	Tamanho6.2
Nome blr	Tamanho5.5

Computador: hospitalPc
Imagens: 

Nome bjb	Tamanho2.4
Nome bid	Tamanho3.7
Nome bhz	Tamanho0.1
Nome bhx	Tamanho0.2
Nome bia	Tamanho1.7
Nome biu	Tamanho1.0
Nome biq	Tamanho0.4
Nome biy	Tamanho0.6
Nome bli	Tamanho4.7
Nome bkd	Tamanho3.9
Nome bjk	Tamanho5.5
Nome bkz	Tamanho1.8
Nome bme	Tamanho0.2
Nome blu	Tamanho0.9
Nome bmg	Tamanho0.1
Nome bmh	Tamanho2.9

Computador: hspSolution
Imagens: 

Nome ayq	Tamanho1.1
Nome ase	Tamanho3.2
Nome apj	Tamanho2.0
Nome anl	Tamanho4.3
Nome ams	Tamanho4.0
Nome alw	Tamanho4.5
Nome alr	Tamanho0.7
Nome amd	Tamanho4.8
Nome ang	Tamanho1.3
Nome amy	Tamanho2.7
Nome ank	Tamanho0.2
Nome aos	Tamanho1.5
Nome aob	Tamanho2.0
Nome anz	Tamanho1.8
Nome aoe	Tamanho4.9
Nome aow	Tamanho1.4
Nome aov	Tamanho0.1
Nome apb	Tamanho3.2
Nome aqx	Tamanho0.1
Nome aqk	Tamanho1.8
Nome apy	Tamanho5.4
Nome apn	Tamanho3.4
Nome aqi	Tamanho1.0
Nome aqq	Tamanho1.3
Nome aqn	Tamanho1.7
Nome aqw	Tamanho0.3
Nome arr	Tamanho0.3
Nome arb	Tamanho0.1
Nome aqy	Tamanho0.2
Nome ard	Tamanho3.3
Nome ary	Tamanho1.4
Nome ars	Tamanho3.0
Nome asb	Tamanho1.0
Nome avs	Tamanho4.4
Nome aua	Tamanho0.5
Nome asz	Tamanho4.0
Nome asn	Tamanho0.5
Nome asm	Tamanho1.6
Nome asp	Tamanho3.7
Nome atl	Tamanho1.0
Nome ath	Tamanho2.5
Nome atn	Tamanho2.9
Nome avf	Tamanho1.9
Nome aur	Tamanho4.6
Nome auc	Tamanho9.1
Nome avb	Tamanho1.6
Nome avn	Tamanho1.1
Nome avk	Tamanho2.0
Nome avp	Tamanho0.7
Nome axf	Tamanho1.1
Nome awu	Tamanho0.8
Nome awm	Tamanho0.5
Nome awd	Tamanho3.5
Nome awp	Tamanho3.3
Nome axa	Tamanho0.2
Nome awx	Tamanho0.2
Nome axc	Tamanho0.1
Nome ayd	Tamanho0.2
Nome axk	Tamanho0.2
Nome axg	Tamanho1.3
Nome axl	Tamanho7.7
Nome ayi	Tamanho2.1
Nome aye	Tamanho1.9
Nome ayo	Tamanho0.7
Nome bbo	Tamanho3.6
Nome bal	Tamanho1.5
Nome azi	Tamanho2.4
Nome ayy	Tamanho2.4
Nome ayv	Tamanho1.1
Nome aza	Tamanho2.3
Nome baa	Tamanho1.1
Nome azp	Tamanho5.5
Nome bac	Tamanho2.3
Nome bay	Tamanho0.6
Nome bau	Tamanho0.9
Nome bap	Tamanho0.7
Nome baw	Tamanho0.7
Nome bbb	Tamanho2.8
Nome baz	Tamanho0.5
Nome bbk	Tamanho0.8
Nome bgu	Tamanho3.0
Nome bem	Tamanho0.9
Nome bct	Tamanho0.2
Nome bcg	Tamanho1.5
Nome bbw	Tamanho4.9
Nome bcm	Tamanho2.3
Nome bcx	Tamanho3.9
Nome bcu	Tamanho0.9
Nome bdm	Tamanho6.7
Nome bfi	Tamanho4.2
Nome bfb	Tamanho0.7
Nome beo	Tamanho6.0
Nome bff	Tamanho0.5
Nome bfz	Tamanho2.9
Nome bfx	Tamanho0.4
Nome bgl	Tamanho2.7
Nome bjw	Tamanho0.3
Nome bim	Tamanho1.9
Nome bhp	Tamanho0.6
Nome bhd	Tamanho2.9
Nome bht	Tamanho6.6
Nome bjc	Tamanho6.1
Nome biw	Tamanho1.0
Nome bjv	Tamanho0.1
Nome blm	Tamanho1.6
Nome bkk	Tamanho5.6
Nome bjx	Tamanho2.7
Nome blk	Tamanho0.5
Nome bly	Tamanho0.2
Nome bls	Tamanho1.8
Nome blz	Tamanho5.2

Computador: solutionsComputer
Imagens: 

Nome bcy	Tamanho4.9
Nome bbm	Tamanho5.9
Nome ban	Tamanho0.7
Nome bak	Tamanho1.0
Nome bar	Tamanho6.6
Nome bcj	Tamanho2.1
Nome bbz	Tamanho4.0
Nome bcp	Tamanho1.8
Nome bgw	Tamanho5.4
Nome bfg	Tamanho5.2
Nome bdy	Tamanho8.6
Nome bdt	Tamanho1.1
Nome bev	Tamanho3.8
Nome bgm	Tamanho2.4
Nome bgb	Tamanho2.5
Nome bgs	Tamanho1.1
Nome bix	Tamanho6.7
Nome bio	Tamanho1.0
Nome bhs	Tamanho6.9
Nome bis	Tamanho0.9
Nome blc	Tamanho7.1
Nome bjt	Tamanho6.1
Nome bmc	Tamanho6.0

Computador: computer
Imagens: 

Nome axp	Tamanho4.8
Nome arj	Tamanho4.2
Nome ann	Tamanho2.5
Nome alf	Tamanho7.0
Nome aki	Tamanho0.6
Nome akf	Tamanho0.1
Nome ajz	Tamanho3.3
Nome akg	Tamanho0.5
Nome akq	Tamanho1.4
Nome akl	Tamanho3.1
Nome akv	Tamanho3.2
Nome amn	Tamanho0.3
Nome alz	Tamanho6.5
Nome alo	Tamanho2.2
Nome amk	Tamanho0.9
Nome amq	Tamanho8.5
Nome amp	Tamanho0.3
Nome ani	Tamanho1.2
Nome ape	Tamanho2.1
Nome aoo	Tamanho1.7
Nome aof	Tamanho0.9
Nome anv	Tamanho6.1
Nome aoi	Tamanho2.0
Nome aou	Tamanho2.4
Nome aot	Tamanho0.2
Nome apd	Tamanho0.3
Nome aqf	Tamanho7.4
Nome apm	Tamanho7.3
Nome api	Tamanho1.5
Nome aqc	Tamanho1.0
Nome arc	Tamanho0.6
Nome aqz	Tamanho0.2
Nome arf	Tamanho0.1
Nome aup	Tamanho5.6
Nome atf	Tamanho1.0
Nome asq	Tamanho1.9
Nome asf	Tamanho0.2
Nome art	Tamanho4.6
Nome ash	Tamanho4.6
Nome asx	Tamanho2.2
Nome asu	Tamanho1.3
Nome atd	Tamanho0.4
Nome atp	Tamanho1.5
Nome atj	Tamanho1.3
Nome atg	Tamanho3.3
Nome ato	Tamanho0.3
Nome aue	Tamanho4.6
Nome atw	Tamanho1.7
Nome aum	Tamanho2.1
Nome awj	Tamanho1.1
Nome avw	Tamanho0.3
Nome avj	Tamanho2.1
Nome ava	Tamanho4.3
Nome avm	Tamanho3.3
Nome awa	Tamanho2.5
Nome avx	Tamanho2.1
Nome awg	Tamanho1.0
Nome axe	Tamanho2.2
Nome awv	Tamanho0.4
Nome awo	Tamanho3.6
Nome aww	Tamanho0.6
Nome axm	Tamanho0.5
Nome axi	Tamanho0.6
Nome axo	Tamanho0.2
Nome bha	Tamanho2.3
Nome bdf	Tamanho3.3
Nome azq	Tamanho0.1
Nome azd	Tamanho0.2
Nome ayf	Tamanho3.5
Nome axy	Tamanho2.6
Nome ayn	Tamanho6.9
Nome azg	Tamanho1.8
Nome aze	Tamanho0.4
Nome azn	Tamanho1.2
Nome bbr	Tamanho0.1
Nome bah	Tamanho3.2
Nome azr	Tamanho7.2
Nome bas	Tamanho8.2
Nome bbx	Tamanho3.6
Nome bbt	Tamanho2.6
Nome bcf	Tamanho6.6
Nome bfn	Tamanho0.6
Nome bew	Tamanho3.0
Nome bdr	Tamanho2.9
Nome bdp	Tamanho0.2
Nome bec	Tamanho7.6
Nome bfj	Tamanho0.3
Nome bfe	Tamanho0.6
Nome bfm	Tamanho0.1
Nome bfw	Tamanho1.6
Nome bfu	Tamanho1.4
Nome bfq	Tamanho0.6
Nome bfv	Tamanho0.5
Nome bgd	Tamanho2.5
Nome bgc	Tamanho0.3
Nome bgp	Tamanho4.8
Nome bjl	Tamanho3.3
Nome bhy	Tamanho8.0
Nome bhr	Tamanho0.4
Nome bhk	Tamanho1.4
Nome bhu	Tamanho1.6
Nome bji	Tamanho0.1
Nome bjd	Tamanho1.9
Nome bjj	Tamanho0.1
Nome bkf	Tamanho0.6
Nome bkb	Tamanho0.2
Nome bjr	Tamanho1.9
Nome bkc	Tamanho0.3
Nome blj	Tamanho3.9
Nome bla	Tamanho1.0
Nome bki	Tamanho3.1
Nome ble	Tamanho1.8
Nome blv	Tamanho2.5
Nome bml	Tamanho4.3

Computador: computadorcm
Imagens: 

Nome aha	Tamanho1.5
Nome adr	Tamanho1.7
Nome abq	Tamanho4.2
Nome aau	Tamanho0.4
Nome aah	Tamanho5.8
Nome aad	Tamanho5.0
Nome aaa	Tamanho3.0
Nome aaf	Tamanho0.6
Nome aar	Tamanho3.3
Nome aak	Tamanho6.9
Nome aat	Tamanho3.1
Nome abh	Tamanho0.5
Nome aaz	Tamanho4.5
Nome aav	Tamanho2.0
Nome abd	Tamanho2.9
Nome abm	Tamanho0.1
Nome abi	Tamanho2.9
Nome abn	Tamanho7.1
Nome acq	Tamanho0.8
Nome acb	Tamanho4.5
Nome abx	Tamanho1.2
Nome abw	Tamanho1.2
Nome aca	Tamanho0.1
Nome acj	Tamanho3.7
Nome acg	Tamanho5.2
Nome aco	Tamanho1.1
Nome ade	Tamanho1.6
Nome acx	Tamanho1.5
Nome acu	Tamanho3.2
Nome acz	Tamanho0.7
Nome adk	Tamanho2.3
Nome adh	Tamanho1.7
Nome adl	Tamanho5.9
Nome aff	Tamanho5.7
Nome aej	Tamanho1.1
Nome adx	Tamanho2.8
Nome adu	Tamanho0.7
Nome adt	Tamanho0.6
Nome adw	Tamanho0.7
Nome aeg	Tamanho0.4
Nome aed	Tamanho3.3
Nome aeh	Tamanho0.9
Nome aev	Tamanho0.1
Nome aep	Tamanho0.8
Nome ael	Tamanho3.6
Nome aer	Tamanho8.3
Nome afc	Tamanho1.9
Nome aew	Tamanho5.4
Nome afe	Tamanho0.2
Nome agf	Tamanho1.9
Nome afo	Tamanho7.7
Nome afm	Tamanho1.6
Nome afl	Tamanho0.2
Nome afn	Tamanho0.2
Nome afz	Tamanho2.9
Nome afv	Tamanho5.8
Nome agd	Tamanho3.4
Nome ago	Tamanho1.0
Nome agk	Tamanho3.1
Nome agh	Tamanho3.3
Nome agm	Tamanho1.7
Nome agr	Tamanho2.4
Nome agp	Tamanho1.6
Nome agv	Tamanho4.5
Nome auf	Tamanho0.6
Nome alx	Tamanho1.1
Nome ail	Tamanho1.8
Nome ahv	Tamanho0.3
Nome ahm	Tamanho1.0
Nome ahf	Tamanho4.9
Nome ahd	Tamanho3.1
Nome ahj	Tamanho1.7
Nome aho	Tamanho1.2
Nome ahn	Tamanho1.0
Nome ahq	Tamanho5.0
Nome aid	Tamanho0.6
Nome aia	Tamanho2.1
Nome ahw	Tamanho1.2
Nome aic	Tamanho0.1
Nome aig	Tamanho0.7
Nome aie	Tamanho0.6
Nome aih	Tamanho3.6
Nome aks	Tamanho1.6
Nome aji	Tamanho4.5
Nome aiy	Tamanho1.3
Nome aio	Tamanho8.1
Nome ajd	Tamanho4.4
Nome ajx	Tamanho4.8
Nome ajo	Tamanho3.8
Nome akh	Tamanho3.9
Nome alk	Tamanho0.8
Nome alc	Tamanho5.3
Nome akw	Tamanho2.5
Nome alj	Tamanho0.4
Nome alm	Tamanho1.9
Nome all	Tamanho0.1
Nome alu	Tamanho0.8
Nome apv	Tamanho4.7
Nome anu	Tamanho0.7
Nome amm	Tamanho1.1
Nome amc	Tamanho1.0
Nome ama	Tamanho2.8
Nome ame	Tamanho2.5
Nome amx	Tamanho7.3
Nome amr	Tamanho4.2
Nome ans	Tamanho0.4
Nome apg	Tamanho3.3
Nome aon	Tamanho2.5
Nome any	Tamanho8.1
Nome aox	Tamanho2.6
Nome apo	Tamanho2.4
Nome apl	Tamanho0.7
Nome apt	Tamanho0.2
Nome arv	Tamanho2.7
Nome aqv	Tamanho1.5
Nome aqe	Tamanho0.5
Nome aqd	Tamanho0.1
Nome aqg	Tamanho6.5
Nome ark	Tamanho4.6
Nome arh	Tamanho0.1
Nome aru	Tamanho0.5
Nome ata	Tamanho5.7
Nome asi	Tamanho7.1
Nome asd	Tamanho1.6
Nome asw	Tamanho1.4
Nome atm	Tamanho3.9
Nome ati	Tamanho0.2
Nome aub	Tamanho1.2
Nome bdd	Tamanho0.6
Nome ayp	Tamanho1.4
Nome awr	Tamanho0.7
Nome aux	Tamanho9.3
Nome auh	Tamanho0.3
Nome aug	Tamanho0.5
Nome auk	Tamanho9.3
Nome awk	Tamanho0.2
Nome avq	Tamanho7.9
Nome awl	Tamanho2.6
Nome axq	Tamanho3.1
Nome axj	Tamanho0.5
Nome aws	Tamanho4.1
Nome axn	Tamanho1.5
Nome ayc	Tamanho3.5
Nome axw	Tamanho2.9
Nome aym	Tamanho0.9
Nome bai	Tamanho0.8
Nome azx	Tamanho1.8
Nome ayx	Tamanho5.0
Nome ayt	Tamanho1.2
Nome azk	Tamanho6.0
Nome bad	Tamanho0.5
Nome bab	Tamanho1.1
Nome baf	Tamanho1.1
Nome bby	Tamanho1.0
Nome baq	Tamanho8.6
Nome bam	Tamanho1.4
Nome bbs	Tamanho4.0
Nome bcq	Tamanho1.9
Nome bcb	Tamanho5.3
Nome bcz	Tamanho0.2
Nome bhq	Tamanho0.9
Nome bgh	Tamanho4.4
Nome bee	Tamanho4.2
Nome bdh	Tamanho2.5
Nome bdg	Tamanho0.5
Nome bdo	Tamanho3.7
Nome bfh	Tamanho0.8
Nome ber	Tamanho6.5
Nome bfp	Tamanho5.0
Nome bhe	Tamanho0.5
Nome bgy	Tamanho0.7
Nome bgt	Tamanho2.2
Nome bhc	Tamanho0.7
Nome bhh	Tamanho1.3
Nome bhg	Tamanho0.2
Nome bhn	Tamanho0.5
Nome bko	Tamanho0.2
Nome bij	Tamanho4.0
Nome bic	Tamanho0.3
Nome bhv	Tamanho3.2
Nome bif	Tamanho1.8
Nome bjz	Tamanho0.5
Nome bje	Tamanho6.7
Nome bka	Tamanho2.2
Nome blp	Tamanho0.2
Nome bks	Tamanho5.0
Nome bkq	Tamanho0.2
Nome bll	Tamanho1.5
Nome blq	Tamanho0.8
Nome blt	Tamanho8.1

Computador: solutions
Imagens: 

Nome aib	Tamanho4.6
Nome aei	Tamanho1.5
Nome acp	Tamanho1.4
Nome abo	Tamanho2.4
Nome abe	Tamanho1.0
Nome abb	Tamanho1.6
Nome aay	Tamanho1.1
Nome abc	Tamanho2.2
Nome abj	Tamanho2.4
Nome abf	Tamanho2.3
Nome abl	Tamanho1.5
Nome acc	Tamanho3.9
Nome abu	Tamanho1.1
Nome abp	Tamanho6.5
Nome abv	Tamanho3.1
Nome aci	Tamanho6.7
Nome acf	Tamanho0.8
Nome acm	Tamanho2.1
Nome adn	Tamanho0.2
Nome acy	Tamanho0.4
Nome acv	Tamanho0.9
Nome act	Tamanho1.6
Nome acw	Tamanho2.1
Nome adg	Tamanho0.3
Nome adb	Tamanho1.8
Nome adi	Tamanho7.1
Nome ads	Tamanho4.2
Nome adp	Tamanho0.1
Nome ado	Tamanho0.9
Nome adq	Tamanho2.0
Nome aeb	Tamanho0.9
Nome aea	Tamanho1.0
Nome aee	Tamanho3.8
Nome age	Tamanho3.8
Nome afd	Tamanho2.2
Nome aet	Tamanho0.9
Nome aen	Tamanho0.8
Nome aek	Tamanho3.3
Nome aeq	Tamanho3.9
Nome aey	Tamanho3.6
Nome aeu	Tamanho5.5
Nome afb	Tamanho2.2
Nome aft	Tamanho0.8
Nome afp	Tamanho1.0
Nome afh	Tamanho7.3
Nome afq	Tamanho1.6
Nome afx	Tamanho3.0
Nome afu	Tamanho6.8
Nome agb	Tamanho2.4
Nome ahg	Tamanho4.8
Nome agx	Tamanho0.2
Nome agl	Tamanho0.2
Nome agg	Tamanho7.2
Nome agn	Tamanho8.4
Nome agz	Tamanho3.3
Nome agy	Tamanho0.3
Nome ahc	Tamanho4.5
Nome ahs	Tamanho0.7
Nome ahl	Tamanho4.7
Nome ahk	Tamanho0.2
Nome ahr	Tamanho0.8
Nome ahx	Tamanho0.2
Nome ahu	Tamanho3.6
Nome ahy	Tamanho2.2
Nome awq	Tamanho3.4
Nome aok	Tamanho0.6
Nome alg	Tamanho3.3
Nome ajp	Tamanho7.8
Nome aiu	Tamanho0.3
Nome aij	Tamanho0.7
Nome aii	Tamanho0.1
Nome aik	Tamanho6.1
Nome ajh	Tamanho5.6
Nome aiv	Tamanho7.9
Nome ajl	Tamanho0.9
Nome aku	Tamanho1.6
Nome akj	Tamanho0.1
Nome ake	Tamanho0.9
Nome akk	Tamanho4.2
Nome alb	Tamanho0.6
Nome aky	Tamanho1.3
Nome ale	Tamanho0.7
Nome amt	Tamanho3.7
Nome amb	Tamanho5.5
Nome aln	Tamanho1.5
Nome ali	Tamanho2.7
Nome als	Tamanho2.1
Nome aml	Tamanho0.3
Nome amj	Tamanho0.7
Nome amo	Tamanho3.2
Nome anw	Tamanho6.3
Nome ane	Tamanho3.0
Nome anc	Tamanho0.7
Nome anp	Tamanho2.3
Nome aoh	Tamanho0.9
Nome aog	Tamanho0.2
Nome aoj	Tamanho0.3
Nome asr	Tamanho1.3
Nome aqj	Tamanho4.1
Nome apr	Tamanho1.6
Nome aph	Tamanho4.4
Nome aom	Tamanho6.1
Nome apq	Tamanho0.1
Nome apz	Tamanho2.2
Nome apx	Tamanho0.8
Nome aqa	Tamanho3.4
Nome arx	Tamanho0.8
Nome arg	Tamanho2.6
Nome aqr	Tamanho2.6
Nome arq	Tamanho3.0
Nome asa	Tamanho2.8
Nome arz	Tamanho0.6
Nome asj	Tamanho4.0
Nome auv	Tamanho0.1
Nome atz	Tamanho2.8
Nome ate	Tamanho6.6
Nome ass	Tamanho4.1
Nome ats	Tamanho1.7
Nome auo	Tamanho3.9
Nome aui	Tamanho3.9
Nome aut	Tamanho1.2
Nome avt	Tamanho1.4
Nome auz	Tamanho4.4
Nome auw	Tamanho1.2
Nome avi	Tamanho5.3
Nome awe	Tamanho2.5
Nome avz	Tamanho2.0
Nome awi	Tamanho2.2
Nome bep	Tamanho0.6
Nome baj	Tamanho4.6
Nome axz	Tamanho4.6
Nome axd	Tamanho7.0
Nome awz	Tamanho0.2
Nome awy	Tamanho0.1
Nome axb	Tamanho0.1
Nome axv	Tamanho0.7
Nome axt	Tamanho0.4
Nome axx	Tamanho0.7
Nome azf	Tamanho1.9
Nome ayw	Tamanho4.9
Nome ayk	Tamanho3.0
Nome azc	Tamanho0.4
Nome azo	Tamanho2.8
Nome azm	Tamanho0.6
Nome azs	Tamanho6.4
Nome bcn	Tamanho3.6
Nome bbn	Tamanho6.1
Nome bbi	Tamanho1.0
Nome bba	Tamanho2.5
Nome bbl	Tamanho0.4
Nome bch	Tamanho1.1
Nome bca	Tamanho2.8
Nome bck	Tamanho0.4
Nome bdl	Tamanho2.3
Nome bde	Tamanho2.5
Nome bdb	Tamanho0.5
Nome bdk	Tamanho0.2
Nome beb	Tamanho2.2
Nome bdw	Tamanho1.5
Nome bej	Tamanho1.8
Nome bgg	Tamanho0.2
Nome bey	Tamanho0.3
Nome bet	Tamanho0.4
Nome beq	Tamanho0.8
Nome beu	Tamanho3.3
Nome bfa	Tamanho7.2
Nome bez	Tamanho0.1
Nome bge	Tamanho0.2
Nome bjm	Tamanho5.5
Nome bhm	Tamanho6.0
Nome bgn	Tamanho1.1
Nome bgi	Tamanho1.7
Nome bgr	Tamanho7.0
Nome bja	Tamanho1.4
Nome bih	Tamanho4.1
Nome bjf	Tamanho1.4
Nome bkm	Tamanho4.0
Nome bke	Tamanho1.5
Nome blx	Tamanho0.4
Nome blh	Tamanho5.1
Nome bmb	Tamanho7.5

Computador: cmmaSolutions
Imagens: 

Nome avg	Tamanho0.6
Nome anq	Tamanho8.8
Nome ala	Tamanho1.0
Nome ajr	Tamanho0.2
Nome aix	Tamanho0.3
Nome ais	Tamanho5.8
Nome air	Tamanho0.6
Nome aiw	Tamanho0.5
Nome ajg	Tamanho7.2
Nome aja	Tamanho3.6
Nome ajq	Tamanho0.6
Nome akb	Tamanho5.6
Nome ajw	Tamanho0.1
Nome ajs	Tamanho2.2
Nome ajy	Tamanho2.4
Nome akr	Tamanho1.8
Nome akp	Tamanho0.5
Nome akx	Tamanho1.5
Nome amv	Tamanho0.9
Nome alv	Tamanho6.2
Nome alq	Tamanho0.6
Nome ald	Tamanho7.7
Nome alt	Tamanho0.2
Nome amh	Tamanho5.3
Nome amf	Tamanho0.2
Nome amu	Tamanho1.3
Nome anf	Tamanho1.1
Nome ana	Tamanho1.3
Nome amz	Tamanho0.2
Nome and	Tamanho0.8
Nome anj	Tamanho1.1
Nome anh	Tamanho0.2
Nome anm	Tamanho1.7
Nome ast	Tamanho0.4
Nome aqs	Tamanho1.4
Nome apf	Tamanho4.4
Nome aor	Tamanho1.9
Nome aol	Tamanho1.5
Nome aoy	Tamanho2.5
Nome apw	Tamanho8.1
Nome app	Tamanho2.4
Nome aql	Tamanho2.8
Nome arw	Tamanho3.5
Nome ari	Tamanho1.9
Nome ara	Tamanho0.9
Nome arn	Tamanho3.6
Nome ask	Tamanho0.8
Nome asg	Tamanho1.3
Nome asl	Tamanho4.2
Nome atx	Tamanho0.4
Nome atk	Tamanho1.7
Nome asy	Tamanho2.0
Nome asv	Tamanho1.2
Nome atc	Tamanho4.9
Nome atu	Tamanho0.4
Nome atq	Tamanho0.6
Nome atv	Tamanho0.5
Nome aus	Tamanho1.6
Nome auj	Tamanho1.2
Nome aty	Tamanho2.9
Nome aul	Tamanho6.0
Nome avd	Tamanho0.9
Nome auu	Tamanho3.5
Nome ave	Tamanho0.5
Nome bda	Tamanho5.9
Nome ayh	Tamanho1.3
Nome awc	Tamanho1.7
Nome avu	Tamanho0.1
Nome avl	Tamanho1.8
Nome avh	Tamanho2.6
Nome avr	Tamanho1.3
Nome avy	Tamanho2.1
Nome avv	Tamanho0.6
Nome awb	Tamanho0.3
Nome axs	Tamanho4.0
Nome awn	Tamanho3.4
Nome awf	Tamanho2.3
Nome awt	Tamanho7.0
Nome ayb	Tamanho0.7
Nome aya	Tamanho0.6
Nome ayg	Tamanho0.8
Nome azz	Tamanho2.0
Nome azh	Tamanho0.1
Nome ays	Tamanho0.8
Nome ayj	Tamanho2.4
Nome ayu	Tamanho5.8
Nome azt	Tamanho1.7
Nome azj	Tamanho4.9
Nome azy	Tamanho0.7
Nome bbp	Tamanho2.0
Nome bao	Tamanho5.3
Nome bae	Tamanho3.5
Nome bbh	Tamanho1.8
Nome bcl	Tamanho3.0
Nome bbu	Tamanho7.9
Nome bcw	Tamanho0.9
Nome bjs	Tamanho2.4
Nome bgk	Tamanho0.7
Nome bex	Tamanho2.8
Nome bea	Tamanho1.5
Nome bdz	Tamanho1.0
Nome beh	Tamanho6.4
Nome bfo	Tamanho0.9
Nome bfd	Tamanho1.2
Nome bfr	Tamanho5.7
Nome bhl	Tamanho8.6
Nome bgx	Tamanho2.5
Nome bgo	Tamanho4.2
Nome bhj	Tamanho0.5
Nome bir	Tamanho3.8
Nome bip	Tamanho0.7
Nome bjh	Tamanho3.7
Nome bln	Tamanho3.3
Nome bkj	Tamanho1.6
Nome bkg	Tamanho0.9
Nome bkw	Tamanho5.0
Nome bmd	Tamanho0.2
Nome bma	Tamanho0.2
Nome bmf	Tamanho1.6
Nome bmk	Tamanho9.1
Nome atr	Tamanho0.3
Nome ajv	Tamanho2.9
Nome aex	Tamanho2.7
Nome acl	Tamanho0.7
Nome abf	Tamanho2.3
Nome aap	Tamanho3.1
Nome aah	Tamanho5.8
Nome aad	Tamanho5.0
Nome aab	Tamanho0.6
Nome aaa	Tamanho3.0
Nome aac	Tamanho4.5
Nome aaf	Tamanho0.6
Nome aae	Tamanho2.1
Nome aag	Tamanho1.8
Nome aal	Tamanho0.1
Nome aaj	Tamanho0.5
Nome aai	Tamanho3.9
Nome aak	Tamanho6.9
Nome aan	Tamanho1.7
Nome aam	Tamanho1.4
Nome aao	Tamanho0.3
Nome aax	Tamanho2.6
Nome aat	Tamanho3.1
Nome aar	Tamanho3.3
Nome aaq	Tamanho1.9
Nome aas	Tamanho5.2
Nome aav	Tamanho2.0
Nome aau	Tamanho0.4
Nome aaw	Tamanho0.3
Nome abb	Tamanho1.6
Nome aaz	Tamanho4.5
Nome aay	Tamanho1.1
Nome aba	Tamanho6.1
Nome abd	Tamanho2.9
Nome abc	Tamanho2.2
Nome abe	Tamanho1.0
Nome abv	Tamanho3.1
Nome abn	Tamanho7.1
Nome abj	Tamanho2.4
Nome abh	Tamanho0.5
Nome abg	Tamanho2.5
Nome abi	Tamanho2.9
Nome abl	Tamanho1.5
Nome abk	Tamanho8.7
Nome abm	Tamanho0.1
Nome abr	Tamanho0.7
Nome abp	Tamanho6.5
Nome abo	Tamanho2.4
Nome abq	Tamanho4.2
Nome abt	Tamanho4.0
Nome abs	Tamanho0.5
Nome abu	Tamanho1.1
Nome acd	Tamanho1.4
Nome abz	Tamanho1.9
Nome abx	Tamanho1.2
Nome abw	Tamanho1.2
Nome aby	Tamanho0.6
Nome acb	Tamanho4.5
Nome aca	Tamanho0.1
Nome acc	Tamanho3.9
Nome ach	Tamanho4.9
Nome acf	Tamanho0.8
Nome ace	Tamanho2.3
Nome acg	Tamanho5.2
Nome acj	Tamanho3.7
Nome aci	Tamanho6.7
Nome ack	Tamanho1.6
Nome adr	Tamanho1.7
Nome adb	Tamanho1.8
Nome act	Tamanho1.6
Nome acp	Tamanho1.4
Nome acn	Tamanho2.9
Nome acm	Tamanho2.1
Nome aco	Tamanho1.1
Nome acr	Tamanho0.2
Nome acq	Tamanho0.8
Nome acs	Tamanho5.0
Nome acx	Tamanho1.5
Nome acv	Tamanho0.9
Nome acu	Tamanho3.2
Nome acw	Tamanho2.1
Nome acz	Tamanho0.7
Nome acy	Tamanho0.4
Nome ada	Tamanho0.1
Nome adj	Tamanho6.3
Nome adf	Tamanho1.0
Nome add	Tamanho1.3
Nome adc	Tamanho0.2
Nome ade	Tamanho1.6
Nome adh	Tamanho1.7
Nome adg	Tamanho0.3
Nome adi	Tamanho7.1
Nome adn	Tamanho0.2
Nome adl	Tamanho5.9
Nome adk	Tamanho2.3
Nome adm	Tamanho6.1
Nome adp	Tamanho0.1
Nome ado	Tamanho0.9
Nome adq	Tamanho2.0
Nome aeh	Tamanho0.9
Nome adz	Tamanho1.7
Nome adv	Tamanho0.9
Nome adt	Tamanho0.6
Nome ads	Tamanho4.2
Nome adu	Tamanho0.7
Nome adx	Tamanho2.8
Nome adw	Tamanho0.7
Nome ady	Tamanho0.1
Nome aed	Tamanho3.3
Nome aeb	Tamanho0.9
Nome aea	Tamanho1.0
Nome aec	Tamanho3.0
Nome aef	Tamanho5.6
Nome aee	Tamanho3.8
Nome aeg	Tamanho0.4
Nome aep	Tamanho0.8
Nome ael	Tamanho3.6
Nome aej	Tamanho1.1
Nome aei	Tamanho1.5
Nome aek	Tamanho3.3
Nome aen	Tamanho0.8
Nome aem	Tamanho0.9
Nome aeo	Tamanho4.4
Nome aet	Tamanho0.9
Nome aer	Tamanho8.3
Nome aeq	Tamanho3.9
Nome aes	Tamanho5.6
Nome aev	Tamanho0.1
Nome aeu	Tamanho5.5
Nome aew	Tamanho5.4
Nome ahj	Tamanho1.7
Nome agd	Tamanho3.4
Nome afn	Tamanho0.2
Nome aff	Tamanho5.7
Nome afb	Tamanho2.2
Nome aez	Tamanho1.0
Nome aey	Tamanho3.6
Nome afa	Tamanho5.3
Nome afd	Tamanho2.2
Nome afc	Tamanho1.9
Nome afe	Tamanho0.2
Nome afj	Tamanho0.2
Nome afh	Tamanho7.3
Nome afg	Tamanho2.4
Nome afi	Tamanho0.1
Nome afl	Tamanho0.2
Nome afk	Tamanho5.7
Nome afm	Tamanho1.6
Nome afv	Tamanho5.8
Nome afr	Tamanho1.2
Nome afp	Tamanho1.0
Nome afo	Tamanho7.7
Nome afq	Tamanho1.6
Nome aft	Tamanho0.8
Nome afs	Tamanho5.5
Nome afu	Tamanho6.8
Nome afz	Tamanho2.9
Nome afx	Tamanho3.0
Nome afw	Tamanho2.6
Nome afy	Tamanho2.1
Nome agb	Tamanho2.4
Nome aga	Tamanho1.1
Nome agc	Tamanho7.7
Nome agt	Tamanho0.1
Nome agl	Tamanho0.2
Nome agh	Tamanho3.3
Nome agf	Tamanho1.9
Nome age	Tamanho3.8
Nome agg	Tamanho7.2
Nome agj	Tamanho8.5
Nome agi	Tamanho1.1
Nome agk	Tamanho3.1
Nome agp	Tamanho1.6
Nome agn	Tamanho8.4
Nome agm	Tamanho1.7
Nome ago	Tamanho1.0
Nome agr	Tamanho2.4
Nome agq	Tamanho0.6
Nome ags	Tamanho0.9
Nome ahb	Tamanho2.8
Nome agx	Tamanho0.2
Nome agv	Tamanho4.5
Nome agu	Tamanho1.8
Nome agw	Tamanho4.7
Nome agz	Tamanho3.3
Nome agy	Tamanho0.3
Nome aha	Tamanho1.5
Nome ahf	Tamanho4.9
Nome ahd	Tamanho3.1
Nome ahc	Tamanho4.5
Nome ahe	Tamanho4.2
Nome ahh	Tamanho1.2
Nome ahg	Tamanho4.8
Nome ahi	Tamanho5.0
Nome aip	Tamanho0.1
Nome ahz	Tamanho3.3
Nome ahr	Tamanho0.8
Nome ahn	Tamanho1.0
Nome ahl	Tamanho4.7
Nome ahk	Tamanho0.2
Nome ahm	Tamanho1.0
Nome ahp	Tamanho2.1
Nome aho	Tamanho1.2
Nome ahq	Tamanho5.0
Nome ahv	Tamanho0.3
Nome aht	Tamanho4.5
Nome ahs	Tamanho0.7
Nome ahu	Tamanho3.6
Nome ahx	Tamanho0.2
Nome ahw	Tamanho1.2
Nome ahy	Tamanho2.2
Nome aih	Tamanho3.6
Nome aid	Tamanho0.6
Nome aib	Tamanho4.6
Nome aia	Tamanho2.1
Nome aic	Tamanho0.1
Nome aif	Tamanho5.0
Nome aie	Tamanho0.6
Nome aig	Tamanho0.7
Nome ail	Tamanho1.8
Nome aij	Tamanho0.7
Nome aii	Tamanho0.1
Nome aik	Tamanho6.1
Nome ain	Tamanho1.2
Nome aim	Tamanho0.9
Nome aio	Tamanho8.1
Nome ajf	Tamanho4.0
Nome aix	Tamanho0.3
Nome ait	Tamanho4.8
Nome air	Tamanho0.6
Nome aiq	Tamanho2.5
Nome ais	Tamanho5.8
Nome aiv	Tamanho7.9
Nome aiu	Tamanho0.3
Nome aiw	Tamanho0.5
Nome ajb	Tamanho0.6
Nome aiz	Tamanho0.1
Nome aiy	Tamanho1.3
Nome aja	Tamanho3.6
Nome ajd	Tamanho4.4
Nome ajc	Tamanho1.0
Nome aje	Tamanho1.1
Nome ajn	Tamanho2.1
Nome ajj	Tamanho1.8
Nome ajh	Tamanho5.6
Nome ajg	Tamanho7.2
Nome aji	Tamanho4.5
Nome ajl	Tamanho0.9
Nome ajk	Tamanho0.9
Nome ajm	Tamanho0.2
Nome ajr	Tamanho0.2
Nome ajp	Tamanho7.8
Nome ajo	Tamanho3.8
Nome ajq	Tamanho0.6
Nome ajt	Tamanho0.4
Nome ajs	Tamanho2.2
Nome aju	Tamanho1.2
Nome aot	Tamanho0.2
Nome amh	Tamanho5.3
Nome alb	Tamanho0.6
Nome akl	Tamanho3.1
Nome akd	Tamanho3.1
Nome ajz	Tamanho3.3
Nome ajx	Tamanho4.8
Nome ajw	Tamanho0.1
Nome ajy	Tamanho2.4
Nome akb	Tamanho5.6
Nome aka	Tamanho0.1
Nome akc	Tamanho0.6
Nome akh	Tamanho3.9
Nome akf	Tamanho0.1
Nome ake	Tamanho0.9
Nome akg	Tamanho0.5
Nome akj	Tamanho0.1
Nome aki	Tamanho0.6
Nome akk	Tamanho4.2
Nome akt	Tamanho2.0
Nome akp	Tamanho0.5
Nome akn	Tamanho0.1
Nome akm	Tamanho0.1
Nome ako	Tamanho2.9
Nome akr	Tamanho1.8
Nome akq	Tamanho1.4
Nome aks	Tamanho1.6
Nome akx	Tamanho1.5
Nome akv	Tamanho3.2
Nome aku	Tamanho1.6
Nome akw	Tamanho2.5
Nome akz	Tamanho4.8
Nome aky	Tamanho1.3
Nome ala	Tamanho1.0
Nome alr	Tamanho0.7
Nome alj	Tamanho0.4
Nome alf	Tamanho7.0
Nome ald	Tamanho7.7
Nome alc	Tamanho5.3
Nome ale	Tamanho0.7
Nome alh	Tamanho4.4
Nome alg	Tamanho3.3
Nome ali	Tamanho2.7
Nome aln	Tamanho1.5
Nome all	Tamanho0.1
Nome alk	Tamanho0.8
Nome alm	Tamanho1.9
Nome alp	Tamanho1.6
Nome alo	Tamanho2.2
Nome alq	Tamanho0.6
Nome alz	Tamanho6.5
Nome alv	Tamanho6.2
Nome alt	Tamanho0.2
Nome als	Tamanho2.1
Nome alu	Tamanho0.8
Nome alx	Tamanho1.1
Nome alw	Tamanho4.5
Nome aly	Tamanho5.6
Nome amd	Tamanho4.8
Nome amb	Tamanho5.5
Nome ama	Tamanho2.8
Nome amc	Tamanho1.0
Nome amf	Tamanho0.2
Nome ame	Tamanho2.5
Nome amg	Tamanho0.4
Nome ann	Tamanho2.5
Nome amx	Tamanho7.3
Nome amp	Tamanho0.3
Nome aml	Tamanho0.3
Nome amj	Tamanho0.7
Nome ami	Tamanho6.4
Nome amk	Tamanho0.9
Nome amn	Tamanho0.3
Nome amm	Tamanho1.1
Nome amo	Tamanho3.2
Nome amt	Tamanho3.7
Nome amr	Tamanho4.2
Nome amq	Tamanho8.5
Nome ams	Tamanho4.0
Nome amv	Tamanho0.9
Nome amu	Tamanho1.3
Nome amw	Tamanho1.2
Nome anf	Tamanho1.1
Nome anb	Tamanho4.6
Nome amz	Tamanho0.2
Nome amy	Tamanho2.7
Nome ana	Tamanho1.3
Nome and	Tamanho0.8
Nome anc	Tamanho0.7
Nome ane	Tamanho3.0
Nome anj	Tamanho1.1
Nome anh	Tamanho0.2
Nome ang	Tamanho1.3
Nome ani	Tamanho1.2
Nome anl	Tamanho4.3
Nome ank	Tamanho0.2
Nome anm	Tamanho1.7
Nome aod	Tamanho6.1
Nome anv	Tamanho6.1
Nome anr	Tamanho0.4
Nome anp	Tamanho2.3
Nome ano	Tamanho1.5
Nome anq	Tamanho8.8
Nome ant	Tamanho0.5
Nome ans	Tamanho0.4
Nome anu	Tamanho0.7
Nome anz	Tamanho1.8
Nome anx	Tamanho1.4
Nome anw	Tamanho6.3
Nome any	Tamanho8.1
Nome aob	Tamanho2.0
Nome aoa	Tamanho1.2
Nome aoc	Tamanho0.3
Nome aol	Tamanho1.5
Nome aoh	Tamanho0.9
Nome aof	Tamanho0.9
Nome aoe	Tamanho4.9
Nome aog	Tamanho0.2
Nome aoj	Tamanho0.3
Nome aoi	Tamanho2.0
Nome aok	Tamanho0.6
Nome aop	Tamanho0.2
Nome aon	Tamanho2.5
Nome aom	Tamanho6.1
Nome aoo	Tamanho1.7
Nome aor	Tamanho1.9
Nome aoq	Tamanho2.0
Nome aos	Tamanho1.5
Nome arf	Tamanho0.1
Nome apz	Tamanho2.2
Nome apj	Tamanho2.0
Nome apb	Tamanho3.2
Nome aox	Tamanho2.6
Nome aov	Tamanho0.1
Nome aou	Tamanho2.4
Nome aow	Tamanho1.4
Nome aoz	Tamanho1.0
Nome aoy	Tamanho2.5
Nome apa	Tamanho0.4
Nome apf	Tamanho4.4
Nome apd	Tamanho0.3
Nome apc	Tamanho4.0
Nome ape	Tamanho2.1
Nome aph	Tamanho4.4
Nome apg	Tamanho3.3
Nome api	Tamanho1.5
Nome apr	Tamanho1.6
Nome apn	Tamanho3.4
Nome apl	Tamanho0.7
Nome apk	Tamanho2.7
Nome apm	Tamanho7.3
Nome app	Tamanho2.4
Nome apo	Tamanho2.4
Nome apq	Tamanho0.1
Nome apv	Tamanho4.7
Nome apt	Tamanho0.2
Nome aps	Tamanho0.9
Nome apu	Tamanho3.4
Nome apx	Tamanho0.8
Nome apw	Tamanho8.1
Nome apy	Tamanho5.4
Nome aqp	Tamanho0.7
Nome aqh	Tamanho2.3
Nome aqd	Tamanho0.1
Nome aqb	Tamanho2.7
Nome aqa	Tamanho3.4
Nome aqc	Tamanho1.0
Nome aqf	Tamanho7.4
Nome aqe	Tamanho0.5
Nome aqg	Tamanho6.5
Nome aql	Tamanho2.8
Nome aqj	Tamanho4.1
Nome aqi	Tamanho1.0
Nome aqk	Tamanho1.8
Nome aqn	Tamanho1.7
Nome aqm	Tamanho1.2
Nome aqo	Tamanho1.0
Nome aqx	Tamanho0.1
Nome aqt	Tamanho0.6
Nome aqr	Tamanho2.6
Nome aqq	Tamanho1.3
Nome aqs	Tamanho1.4
Nome aqv	Tamanho1.5
Nome aqu	Tamanho0.9
Nome aqw	Tamanho0.3
Nome arb	Tamanho0.1
Nome aqz	Tamanho0.2
Nome aqy	Tamanho0.2
Nome ara	Tamanho0.9
Nome ard	Tamanho3.3
Nome arc	Tamanho0.6
Nome are	Tamanho1.3
Nome asl	Tamanho4.2
Nome arv	Tamanho2.7
Nome arn	Tamanho3.6
Nome arj	Tamanho4.2
Nome arh	Tamanho0.1
Nome arg	Tamanho2.6
Nome ari	Tamanho1.9
Nome arl	Tamanho0.3
Nome ark	Tamanho4.6
Nome arm	Tamanho1.0
Nome arr	Tamanho0.3
Nome arp	Tamanho5.2
Nome aro	Tamanho0.3
Nome arq	Tamanho3.0
Nome art	Tamanho4.6
Nome ars	Tamanho3.0
Nome aru	Tamanho0.5
Nome asd	Tamanho1.6
Nome arz	Tamanho0.6
Nome arx	Tamanho0.8
Nome arw	Tamanho3.5
Nome ary	Tamanho1.4
Nome asb	Tamanho1.0
Nome asa	Tamanho2.8
Nome asc	Tamanho5.7
Nome ash	Tamanho4.6
Nome asf	Tamanho0.2
Nome ase	Tamanho3.2
Nome asg	Tamanho1.3
Nome asj	Tamanho4.0
Nome asi	Tamanho7.1
Nome ask	Tamanho0.8
Nome atb	Tamanho7.6
Nome ast	Tamanho0.4
Nome asp	Tamanho3.7
Nome asn	Tamanho0.5
Nome asm	Tamanho1.6
Nome aso	Tamanho4.9
Nome asr	Tamanho1.3
Nome asq	Tamanho1.9
Nome ass	Tamanho4.1
Nome asx	Tamanho2.2
Nome asv	Tamanho1.2
Nome asu	Tamanho1.3
Nome asw	Tamanho1.4
Nome asz	Tamanho4.0
Nome asy	Tamanho2.0
Nome ata	Tamanho5.7
Nome atj	Tamanho1.3
Nome atf	Tamanho1.0
Nome atd	Tamanho0.4
Nome atc	Tamanho4.9
Nome ate	Tamanho6.6
Nome ath	Tamanho2.5
Nome atg	Tamanho3.3
Nome ati	Tamanho0.2
Nome atn	Tamanho2.9
Nome atl	Tamanho1.0
Nome atk	Tamanho1.7
Nome atm	Tamanho3.9
Nome atp	Tamanho1.5
Nome ato	Tamanho0.3
Nome atq	Tamanho0.6
Nome bdn	Tamanho1.9
Nome ayp	Tamanho1.4
Nome awd	Tamanho3.5
Nome aux	Tamanho9.3
Nome auh	Tamanho0.3
Nome atz	Tamanho2.8
Nome atv	Tamanho0.5
Nome att	Tamanho2.3
Nome ats	Tamanho1.7
Nome atu	Tamanho0.4
Nome atx	Tamanho0.4
Nome atw	Tamanho1.7
Nome aty	Tamanho2.9
Nome aud	Tamanho5.3
Nome aub	Tamanho1.2
Nome aua	Tamanho0.5
Nome auc	Tamanho9.1
Nome auf	Tamanho0.6
Nome aue	Tamanho4.6
Nome aug	Tamanho0.5
Nome aup	Tamanho5.6
Nome aul	Tamanho6.0
Nome auj	Tamanho1.2
Nome aui	Tamanho3.9
Nome auk	Tamanho9.3
Nome aun	Tamanho1.8
Nome aum	Tamanho2.1
Nome auo	Tamanho3.9
Nome aut	Tamanho1.2
Nome aur	Tamanho4.6
Nome auq	Tamanho4.8
Nome aus	Tamanho1.6
Nome auv	Tamanho0.1
Nome auu	Tamanho3.5
Nome auw	Tamanho1.2
Nome avn	Tamanho1.1
Nome avf	Tamanho1.9
Nome avb	Tamanho1.6
Nome auz	Tamanho4.4
Nome auy	Tamanho2.3
Nome ava	Tamanho4.3
Nome avd	Tamanho0.9
Nome avc	Tamanho5.5
Nome ave	Tamanho0.5
Nome avj	Tamanho2.1
Nome avh	Tamanho2.6
Nome avg	Tamanho0.6
Nome avi	Tamanho5.3
Nome avl	Tamanho1.8
Nome avk	Tamanho2.0
Nome avm	Tamanho3.3
Nome avv	Tamanho0.6
Nome avr	Tamanho1.3
Nome avp	Tamanho0.7
Nome avo	Tamanho8.0
Nome avq	Tamanho7.9
Nome avt	Tamanho1.4
Nome avs	Tamanho4.4
Nome avu	Tamanho0.1
Nome avz	Tamanho2.0
Nome avx	Tamanho2.1
Nome avw	Tamanho0.3
Nome avy	Tamanho2.1
Nome awb	Tamanho0.3
Nome awa	Tamanho2.5
Nome awc	Tamanho1.7
Nome axj	Tamanho0.5
Nome awt	Tamanho7.0
Nome awl	Tamanho2.6
Nome awh	Tamanho7.8
Nome awf	Tamanho2.3
Nome awe	Tamanho2.5
Nome awg	Tamanho1.0
Nome awj	Tamanho1.1
Nome awi	Tamanho2.2
Nome awk	Tamanho0.2
Nome awp	Tamanho3.3
Nome awn	Tamanho3.4
Nome awm	Tamanho0.5
Nome awo	Tamanho3.6
Nome awr	Tamanho0.7
Nome awq	Tamanho3.4
Nome aws	Tamanho4.1
Nome axb	Tamanho0.1
Nome awx	Tamanho0.2
Nome awv	Tamanho0.4
Nome awu	Tamanho0.8
Nome aww	Tamanho0.6
Nome awz	Tamanho0.2
Nome awy	Tamanho0.1
Nome axa	Tamanho0.2
Nome axf	Tamanho1.1
Nome axd	Tamanho7.0
Nome axc	Tamanho0.1
Nome axe	Tamanho2.2
Nome axh	Tamanho3.8
Nome axg	Tamanho1.3
Nome axi	Tamanho0.6
Nome axz	Tamanho4.6
Nome axr	Tamanho1.8
Nome axn	Tamanho1.5
Nome axl	Tamanho7.7
Nome axk	Tamanho0.2
Nome axm	Tamanho0.5
Nome axp	Tamanho4.8
Nome axo	Tamanho0.2
Nome axq	Tamanho3.1
Nome axv	Tamanho0.7
Nome axt	Tamanho0.4
Nome axs	Tamanho4.0
Nome axu	Tamanho6.6
Nome axx	Tamanho0.7
Nome axw	Tamanho2.9
Nome axy	Tamanho2.6
Nome ayh	Tamanho1.3
Nome ayd	Tamanho0.2
Nome ayb	Tamanho0.7
Nome aya	Tamanho0.6
Nome ayc	Tamanho3.5
Nome ayf	Tamanho3.5
Nome aye	Tamanho1.9
Nome ayg	Tamanho0.8
Nome ayl	Tamanho1.5
Nome ayj	Tamanho2.4
Nome ayi	Tamanho2.1
Nome ayk	Tamanho3.0
Nome ayn	Tamanho6.9
Nome aym	Tamanho0.9
Nome ayo	Tamanho0.7
Nome bbb	Tamanho2.8
Nome azv	Tamanho0.6
Nome azf	Tamanho1.9
Nome ayx	Tamanho5.0
Nome ayt	Tamanho1.2
Nome ayr	Tamanho3.6
Nome ayq	Tamanho1.1
Nome ays	Tamanho0.8
Nome ayv	Tamanho1.1
Nome ayu	Tamanho5.8
Nome ayw	Tamanho4.9
Nome azb	Tamanho7.1
Nome ayz	Tamanho1.4
Nome ayy	Tamanho2.4
Nome aza	Tamanho2.3
Nome azd	Tamanho0.2
Nome azc	Tamanho0.4
Nome aze	Tamanho0.4
Nome azn	Tamanho1.2
Nome azj	Tamanho4.9
Nome azh	Tamanho0.1
Nome azg	Tamanho1.8
Nome azi	Tamanho2.4
Nome azl	Tamanho5.2
Nome azk	Tamanho6.0
Nome azm	Tamanho0.6
Nome azr	Tamanho7.2
Nome azp	Tamanho5.5
Nome azo	Tamanho2.8
Nome azq	Tamanho0.1
Nome azt	Tamanho1.7
Nome azs	Tamanho6.4
Nome azu	Tamanho8.8
Nome bal	Tamanho1.5
Nome bad	Tamanho0.5
Nome azz	Tamanho2.0
Nome azx	Tamanho1.8
Nome azw	Tamanho3.6
Nome azy	Tamanho0.7
Nome bab	Tamanho1.1
Nome baa	Tamanho1.1
Nome bac	Tamanho2.3
Nome bah	Tamanho3.2
Nome baf	Tamanho1.1
Nome bae	Tamanho3.5
Nome bag	Tamanho4.8
Nome baj	Tamanho4.6
Nome bai	Tamanho0.8
Nome bak	Tamanho1.0
Nome bat	Tamanho3.1
Nome bap	Tamanho0.7
Nome ban	Tamanho0.7
Nome bam	Tamanho1.4
Nome bao	Tamanho5.3
Nome bar	Tamanho6.6
Nome baq	Tamanho8.6
Nome bas	Tamanho8.2
Nome bax	Tamanho6.1
Nome bav	Tamanho2.9
Nome bau	Tamanho0.9
Nome baw	Tamanho0.7
Nome baz	Tamanho0.5
Nome bay	Tamanho0.6
Nome bba	Tamanho2.5
Nome bch	Tamanho1.1
Nome bbr	Tamanho0.1
Nome bbj	Tamanho8.1
Nome bbf	Tamanho0.9
Nome bbd	Tamanho0.1
Nome bbc	Tamanho1.5
Nome bbe	Tamanho0.9
Nome bbh	Tamanho1.8
Nome bbg	Tamanho5.3
Nome bbi	Tamanho1.0
Nome bbn	Tamanho6.1
Nome bbl	Tamanho0.4
Nome bbk	Tamanho0.8
Nome bbm	Tamanho5.9
Nome bbp	Tamanho2.0
Nome bbo	Tamanho3.6
Nome bbq	Tamanho6.1
Nome bbz	Tamanho4.0
Nome bbv	Tamanho5.6
Nome bbt	Tamanho2.6
Nome bbs	Tamanho4.0
Nome bbu	Tamanho7.9
Nome bbx	Tamanho3.6
Nome bbw	Tamanho4.9
Nome bby	Tamanho1.0
Nome bcd	Tamanho4.1
Nome bcb	Tamanho5.3
Nome bca	Tamanho2.8
Nome bcc	Tamanho0.9
Nome bcf	Tamanho6.6
Nome bce	Tamanho6.2
Nome bcg	Tamanho1.5
Nome bcx	Tamanho3.9
Nome bcp	Tamanho1.8
Nome bcl	Tamanho3.0
Nome bcj	Tamanho2.1
Nome bci	Tamanho3.1
Nome bck	Tamanho0.4
Nome bcn	Tamanho3.6
Nome bcm	Tamanho2.3
Nome bco	Tamanho0.9
Nome bct	Tamanho0.2
Nome bcr	Tamanho4.7
Nome bcq	Tamanho1.9
Nome bcs	Tamanho0.8
Nome bcv	Tamanho4.4
Nome bcu	Tamanho0.9
Nome bcw	Tamanho0.9
Nome bdf	Tamanho3.3
Nome bdb	Tamanho0.5
Nome bcz	Tamanho0.2
Nome bcy	Tamanho4.9
Nome bda	Tamanho5.9
Nome bdd	Tamanho0.6
Nome bdc	Tamanho1.9
Nome bde	Tamanho2.5
Nome bdj	Tamanho1.1
Nome bdh	Tamanho2.5
Nome bdg	Tamanho0.5
Nome bdi	Tamanho2.4
Nome bdl	Tamanho2.3
Nome bdk	Tamanho0.2
Nome bdm	Tamanho6.7
Nome bil	Tamanho1.8
Nome bfz	Tamanho2.9
Nome bet	Tamanho0.4
Nome bed	Tamanho0.7
Nome bdv	Tamanho0.2
Nome bdr	Tamanho2.9
Nome bdp	Tamanho0.2
Nome bdo	Tamanho3.7
Nome bdq	Tamanho4.4
Nome bdt	Tamanho1.1
Nome bds	Tamanho0.2
Nome bdu	Tamanho7.3
Nome bdz	Tamanho1.0
Nome bdx	Tamanho1.9
Nome bdw	Tamanho1.5
Nome bdy	Tamanho8.6
Nome beb	Tamanho2.2
Nome bea	Tamanho1.5
Nome bec	Tamanho7.6
Nome bel	Tamanho7.5
Nome beh	Tamanho6.4
Nome bef	Tamanho2.3
Nome bee	Tamanho4.2
Nome beg	Tamanho0.3
Nome bej	Tamanho1.8
Nome bei	Tamanho0.8
Nome bek	Tamanho0.5
Nome bep	Tamanho0.6
Nome ben	Tamanho7.9
Nome bem	Tamanho0.9
Nome beo	Tamanho6.0
Nome ber	Tamanho6.5
Nome beq	Tamanho0.8
Nome bes	Tamanho7.9
Nome bfj	Tamanho0.3
Nome bfb	Tamanho0.7
Nome bex	Tamanho2.8
Nome bev	Tamanho3.8
Nome beu	Tamanho3.3
Nome bew	Tamanho3.0
Nome bez	Tamanho0.1
Nome bey	Tamanho0.3
Nome bfa	Tamanho7.2
Nome bff	Tamanho0.5
Nome bfd	Tamanho1.2
Nome bfc	Tamanho0.9
Nome bfe	Tamanho0.6
Nome bfh	Tamanho0.8
Nome bfg	Tamanho5.2
Nome bfi	Tamanho4.2
Nome bfr	Tamanho5.7
Nome bfn	Tamanho0.6
Nome bfl	Tamanho1.3
Nome bfk	Tamanho4.5
Nome bfm	Tamanho0.1
Nome bfp	Tamanho5.0
Nome bfo	Tamanho0.9
Nome bfq	Tamanho0.6
Nome bfv	Tamanho0.5
Nome bft	Tamanho9.2
Nome bfs	Tamanho2.8
Nome bfu	Tamanho1.4
Nome bfx	Tamanho0.4
Nome bfw	Tamanho1.6
Nome bfy	Tamanho3.9
Nome bhf	Tamanho6.9
Nome bgp	Tamanho4.8
Nome bgh	Tamanho4.4
Nome bgd	Tamanho2.5
Nome bgb	Tamanho2.5
Nome bga	Tamanho1.0
Nome bgc	Tamanho0.3
Nome bgf	Tamanho1.2
Nome bge	Tamanho0.2
Nome bgg	Tamanho0.2
Nome bgl	Tamanho2.7
Nome bgj	Tamanho5.8
Nome bgi	Tamanho1.7
Nome bgk	Tamanho0.7
Nome bgn	Tamanho1.1
Nome bgm	Tamanho2.4
Nome bgo	Tamanho4.2
Nome bgx	Tamanho2.5
Nome bgt	Tamanho2.2
Nome bgr	Tamanho7.0
Nome bgq	Tamanho6.3
Nome bgs	Tamanho1.1
Nome bgv	Tamanho5.1
Nome bgu	Tamanho3.0
Nome bgw	Tamanho5.4
Nome bhb	Tamanho1.4
Nome bgz	Tamanho0.2
Nome bgy	Tamanho0.7
Nome bha	Tamanho2.3
Nome bhd	Tamanho2.9
Nome bhc	Tamanho0.7
Nome bhe	Tamanho0.5
Nome bhv	Tamanho3.2
Nome bhn	Tamanho0.5
Nome bhj	Tamanho0.5
Nome bhh	Tamanho1.3
Nome bhg	Tamanho0.2
Nome bhi	Tamanho3.6
Nome bhl	Tamanho8.6
Nome bhk	Tamanho1.4
Nome bhm	Tamanho6.0
Nome bhr	Tamanho0.4
Nome bhp	Tamanho0.6
Nome bho	Tamanho4.6
Nome bhq	Tamanho0.9
Nome bht	Tamanho6.6
Nome bhs	Tamanho6.9
Nome bhu	Tamanho1.6
Nome bid	Tamanho3.7
Nome bhz	Tamanho0.1
Nome bhx	Tamanho0.2
Nome bhw	Tamanho0.9
Nome bhy	Tamanho8.0
Nome bib	Tamanho4.3
Nome bia	Tamanho1.7
Nome bic	Tamanho0.3
Nome bih	Tamanho4.1
Nome bif	Tamanho1.8
Nome bie	Tamanho1.7
Nome big	Tamanho1.4
Nome bij	Tamanho4.0
Nome bii	Tamanho2.6
Nome bik	Tamanho0.1
Nome bkx	Tamanho2.1
Nome bjr	Tamanho1.9
Nome bjb	Tamanho2.4
Nome bit	Tamanho4.6
Nome bip	Tamanho0.7
Nome bin	Tamanho5.6
Nome bim	Tamanho1.9
Nome bio	Tamanho1.0
Nome bir	Tamanho3.8
Nome biq	Tamanho0.4
Nome bis	Tamanho0.9
Nome bix	Tamanho6.7
Nome biv	Tamanho0.9
Nome biu	Tamanho1.0
Nome biw	Tamanho1.0
Nome biz	Tamanho2.4
Nome biy	Tamanho0.6
Nome bja	Tamanho1.4
Nome bjj	Tamanho0.1
Nome bjf	Tamanho1.4
Nome bjd	Tamanho1.9
Nome bjc	Tamanho6.1
Nome bje	Tamanho6.7
Nome bjh	Tamanho3.7
Nome bjg	Tamanho4.1
Nome bji	Tamanho0.1
Nome bjn	Tamanho3.9
Nome bjl	Tamanho3.3
Nome bjk	Tamanho5.5
Nome bjm	Tamanho5.5
Nome bjp	Tamanho2.3
Nome bjo	Tamanho0.1
Nome bjq	Tamanho4.7
Nome bkh	Tamanho1.3
Nome bjz	Tamanho0.5
Nome bjv	Tamanho0.1
Nome bjt	Tamanho6.1
Nome bjs	Tamanho2.4
Nome bju	Tamanho2.1
Nome bjx	Tamanho2.7
Nome bjw	Tamanho0.3
Nome bjy	Tamanho3.1
Nome bkd	Tamanho3.9
Nome bkb	Tamanho0.2
Nome bka	Tamanho2.2
Nome bkc	Tamanho0.3
Nome bkf	Tamanho0.6
Nome bke	Tamanho1.5
Nome bkg	Tamanho0.9
Nome bkp	Tamanho0.9
Nome bkl	Tamanho0.1
Nome bkj	Tamanho1.6
Nome bki	Tamanho3.1
Nome bkk	Tamanho5.6
Nome bkn	Tamanho0.6
Nome bkm	Tamanho4.0
Nome bko	Tamanho0.2
Nome bkt	Tamanho0.2
Nome bkr	Tamanho0.3
Nome bkq	Tamanho0.2
Nome bks	Tamanho5.0
Nome bkv	Tamanho6.2
Nome bku	Tamanho0.9
Nome bkw	Tamanho5.0
Nome bln	Tamanho3.3
Nome blf	Tamanho0.3
Nome blb	Tamanho1.3
Nome bkz	Tamanho1.8
Nome bky	Tamanho0.6
Nome bla	Tamanho1.0
Nome bld	Tamanho5.8
Nome blc	Tamanho7.1
Nome ble	Tamanho1.8
Nome blj	Tamanho3.9
Nome blh	Tamanho5.1
Nome blg	Tamanho7.0
Nome bli	Tamanho4.7
Nome bll	Tamanho1.5
Nome blk	Tamanho0.5
Nome blm	Tamanho1.6
Nome bmd	Tamanho0.2
Nome blv	Tamanho2.5
Nome blr	Tamanho5.5
Nome blp	Tamanho0.2
Nome blo	Tamanho0.3
Nome blq	Tamanho0.8
Nome blt	Tamanho8.1
Nome bls	Tamanho1.8
Nome blu	Tamanho0.9
Nome blz	Tamanho5.2
Nome blx	Tamanho0.4
Nome blw	Tamanho2.3
Nome bly	Tamanho0.2
Nome bmb	Tamanho7.5
Nome bma	Tamanho0.2
Nome bmc	Tamanho6.0
Nome bmh	Tamanho2.9
Nome bmf	Tamanho1.6
Nome bme	Tamanho0.2
Nome bmg	Tamanho0.1
Nome bmj	Tamanho0.8
Nome bmi	Tamanho0.6
Nome bmk	Tamanho9.1
Nome bml	Tamanho4.3
Nome: computadorcm
Capacidade: 700.0
Nome: computerCmma
Capacidade: 699.0
Nome: solutions
Capacidade: 670.0
Nome: cmmaSolutions
Capacidade: 502.0
Nome: computer
Capacidade: 480.0
Nome: hspSolution
Capacidade: 460.0
Nome: computadorHsp
Capacidade: 320.0
Nome: solutionsComputer
Capacidade: 309.0
Nome: cmma
Capacidade: 307.0
Nome: hospitalPc
Capacidade: 250.0Espaços Disponível dos Computadores cadastrados
1º computador: 700.0
2º computador: 699.0
3º computador: 670.0
4º computador: 502.0
5º computador: 480.0
6º computador: 460.0
7º computador: 320.0
8º computador: 309.0
9º computador: 307.0
10º computador: 250.0
]]></system-out>
  <system-err><![CDATA[]]></system-err>
</testsuite>
